<?xml version="1.0" encoding="UTF-8"?>
<!-- Generated by org.testng.reporters.JUnitReportReporter -->
<testsuite skipped="8" hostname="PARAM" name="com.qa.testcase.AddOnPageTest" tests="9" failures="0" timestamp="27 Feb 2021 18:10:37 GMT" time="62.243" errors="1">
  <testcase name="validatesubmitAddonsTest" time="62.243" classname="com.qa.testcase.AddOnPageTest">
    <error type="org.openqa.selenium.NoSuchElementException" message="Cannot locate an element using xpath=//strong[contains(text(),&#039;NEW HD ELITE&#039;)]
For documentation on this error, please visit: https://www.seleniumhq.org/exceptions/no_such_element.html
Build info: version: &#039;3.141.59&#039;, revision: &#039;e82be7d358&#039;, time: &#039;2018-11-14T08:17:03&#039;
System info: host: &#039;PARAM&#039;, ip: &#039;192.168.1.4&#039;, os.name: &#039;Windows 10&#039;, os.arch: &#039;amd64&#039;, os.version: &#039;10.0&#039;, java.version: &#039;1.8.0_251&#039;
Driver info: driver.version: RemoteWebDriver">
      <![CDATA[org.openqa.selenium.NoSuchElementException: Cannot locate an element using xpath=//strong[contains(text(),'NEW HD ELITE')]
For documentation on this error, please visit: https://www.seleniumhq.org/exceptions/no_such_element.html
Build info: version: '3.141.59', revision: 'e82be7d358', time: '2018-11-14T08:17:03'
System info: host: 'PARAM', ip: '192.168.1.4', os.name: 'Windows 10', os.arch: 'amd64', os.version: '10.0', java.version: '1.8.0_251'
Driver info: driver.version: RemoteWebDriver
at org.openqa.selenium.remote.RemoteWebDriver.findElement(RemoteWebDriver.java:327)
at org.openqa.selenium.remote.RemoteWebDriver.findElementByXPath(RemoteWebDriver.java:428)
at org.openqa.selenium.By$ByXPath.findElement(By.java:353)
at org.openqa.selenium.remote.RemoteWebDriver.findElement(RemoteWebDriver.java:315)
at org.openqa.selenium.support.pagefactory.DefaultElementLocator.findElement(DefaultElementLocator.java:69)
at org.openqa.selenium.support.pagefactory.internal.LocatingElementHandler.invoke(LocatingElementHandler.java:38)
at com.sun.proxy.$Proxy9.click(Unknown Source)
at com.qa.pages.AddOnsPage.validateHomeCallPlanSelect(AddOnsPage.java:83)
at com.qa.pages.AddOnsPage.validatesubmitAddons(AddOnsPage.java:108)
at com.qa.testcase.AddOnPageTest.validatesubmitAddonsTest(AddOnPageTest.java:103)
at sun.reflect.NativeMethodAccessorImpl.invoke0(Native Method)
at sun.reflect.NativeMethodAccessorImpl.invoke(NativeMethodAccessorImpl.java:62)
at sun.reflect.DelegatingMethodAccessorImpl.invoke(DelegatingMethodAccessorImpl.java:43)
at java.lang.reflect.Method.invoke(Method.java:498)
at org.testng.internal.MethodInvocationHelper.invokeMethod(MethodInvocationHelper.java:124)
at org.testng.internal.Invoker.invokeMethod(Invoker.java:583)
at org.testng.internal.Invoker.invokeTestMethod(Invoker.java:719)
at org.testng.internal.Invoker.invokeTestMethods(Invoker.java:989)
at org.testng.internal.TestMethodWorker.invokeTestMethods(TestMethodWorker.java:125)
at org.testng.internal.TestMethodWorker.run(TestMethodWorker.java:109)
at org.testng.TestRunner.privateRun(TestRunner.java:648)
at org.testng.TestRunner.run(TestRunner.java:505)
at org.testng.SuiteRunner.runTest(SuiteRunner.java:455)
at org.testng.SuiteRunner.runSequentially(SuiteRunner.java:450)
at org.testng.SuiteRunner.privateRun(SuiteRunner.java:415)
at org.testng.SuiteRunner.run(SuiteRunner.java:364)
at org.testng.SuiteRunnerWorker.runSuite(SuiteRunnerWorker.java:52)
at org.testng.SuiteRunnerWorker.run(SuiteRunnerWorker.java:84)
at org.testng.TestNG.runSuitesSequentially(TestNG.java:1208)
at org.testng.TestNG.runSuitesLocally(TestNG.java:1137)
at org.testng.TestNG.runSuites(TestNG.java:1049)
at org.testng.TestNG.run(TestNG.java:1017)
at org.testng.remote.AbstractRemoteTestNG.run(AbstractRemoteTestNG.java:115)
at org.testng.remote.RemoteTestNG.initAndRun(RemoteTestNG.java:251)
at org.testng.remote.RemoteTestNG.main(RemoteTestNG.java:77)
]]>
    </error>
  </testcase> <!-- validatesubmitAddonsTest -->
  <testcase name="validateOtherAddonChecksTest" classname="com.qa.testcase.AddOnPageTest">
    <skipped/>
  </testcase> <!-- validateOtherAddonChecksTest -->
  <testcase name="validatehomeCallBoxTest" classname="com.qa.testcase.AddOnPageTest">
    <skipped/>
  </testcase> <!-- validatehomeCallBoxTest -->
  <testcase name="validateNeedModemCheckBoxCheckedTest" classname="com.qa.testcase.AddOnPageTest">
    <skipped/>
  </testcase> <!-- validateNeedModemCheckBoxCheckedTest -->
  <testcase name="validateNeedModemBoxTest" classname="com.qa.testcase.AddOnPageTest">
    <skipped/>
  </testcase> <!-- validateNeedModemBoxTest -->
  <testcase name="validateOtherAddonBoxTest" classname="com.qa.testcase.AddOnPageTest">
    <skipped/>
  </testcase> <!-- validateOtherAddonBoxTest -->
  <testcase name="validateHomeCallPlanSelectTest" classname="com.qa.testcase.AddOnPageTest">
    <skipped/>
  </testcase> <!-- validateHomeCallPlanSelectTest -->
  <testcase name="validateBYOCheckBoxCheckedTest" classname="com.qa.testcase.AddOnPageTest">
    <skipped/>
  </testcase> <!-- validateBYOCheckBoxCheckedTest -->
  <testcase name="validateyourOrderBoxTest" classname="com.qa.testcase.AddOnPageTest">
    <skipped/>
  </testcase> <!-- validateyourOrderBoxTest -->
</testsuite> <!-- com.qa.testcase.AddOnPageTest -->
